Arguments: 
  /usr/bin/node /usr/bin/yarn init

PATH: 
  /home/herissonsilva/.local/bin:/usr/local/sbin:/usr/local/bin:/usr/bin:/opt/flutter/bin:/usr/lib/jvm/default/bin:/usr/bin/site_perl:/usr/bin/vendor_perl:/usr/bin/core_perl:/var/lib/snapd/snap/bin:/home/herissonsilva/Android/Sdk/tools:/home/herissonsilva/Android/Sdk/platform-tools:/home/herissonsilva/flutter/bin

Yarn version: 
  1.21.1

Node version: 
  13.5.0

Platform: 
  linux x64

Trace: 
  Error: canceled
      at Interface.<anonymous> (/usr/lib/node_modules/yarn/lib/cli.js:136925:13)
      at Interface.emit (events.js:305:20)
      at Interface._ttyWrite (readline.js:882:16)
      at ReadStream.onkeypress (readline.js:199:10)
      at ReadStream.emit (events.js:305:20)
      at emitKeys (internal/readline/utils.js:439:14)
      at emitKeys.next (<anonymous>)
      at ReadStream.onData (readline.js:1150:36)
      at ReadStream.emit (events.js:305:20)
      at addChunk (_stream_readable.js:341:12)

npm manifest: 
  No manifest

yarn manifest: 
  No manifest

Lockfile: 
  # THIS IS AN AUTOGENERATED FILE. DO NOT EDIT THIS FILE DIRECTLY.
  # yarn lockfile v1
